<?xml version="1.0" encoding="UTF-8"?>
<testsuite name="PhoneBookTest" tests="1" skipped="0" failures="0" errors="0" timestamp="2022-03-21T20:50:38" hostname="kaliyas-PC" time="3.642">
  <properties/>
  <testcase name="start" classname="PhoneBookTest" time="3.642"/>
  <system-out><![CDATA[?[1;31m
Start test 1?[0m
Start searching (linear search)...
Found 500 / 500 entries.
Time taken: 0 min. 0 sec. 905 ms.

Start searching (bubble sort + jump search)...
Found 500 / 500 entries. Time taken: 0 min. 1 sec. 2577 ms.
Sorting time: 0 min. 1 sec. 1874 ms.
Searching time: 0 min. 0 sec. 703 ms
]]></system-out>
  <system-err><![CDATA[]]></system-err>
</testsuite>
